<?xml version="1.0" encoding="UTF-8"?>
<testng-results skipped="0" failed="0" total="1" passed="1">
  <reporter-output>
  </reporter-output>
  <suite name="Default suite" duration-ms="19735" started-at="2020-04-04T14:23:14Z" finished-at="2020-04-04T14:23:33Z">
    <groups>
    </groups>
    <test name="Default test" duration-ms="19735" started-at="2020-04-04T14:23:14Z" finished-at="2020-04-04T14:23:33Z">
      <class name="qa.com.Test.Facebook.CreateFacebookTest">
        <test-method status="PASS" signature="Precondtion()[pri:0, instance:qa.com.Test.Facebook.CreateFacebookTest@67784306]" name="Precondtion" is-config="true" duration-ms="16102" started-at="2020-04-04T19:53:14Z" finished-at="2020-04-04T19:53:30Z">
          <reporter-output>
          </reporter-output>
        </test-method> <!-- Precondtion -->
        <test-method status="PASS" signature="Test()[pri:0, instance:qa.com.Test.Facebook.CreateFacebookTest@67784306]" name="Test" duration-ms="3150" started-at="2020-04-04T19:53:30Z" finished-at="2020-04-04T19:53:33Z">
          <reporter-output>
          </reporter-output>
        </test-method> <!-- Test -->
        <test-method status="PASS" signature="Postcondtion()[pri:0, instance:qa.com.Test.Facebook.CreateFacebookTest@67784306]" name="Postcondtion" is-config="true" duration-ms="415" started-at="2020-04-04T19:53:33Z" finished-at="2020-04-04T19:53:33Z">
          <reporter-output>
          </reporter-output>
        </test-method> <!-- Postcondtion -->
      </class> <!-- qa.com.Test.Facebook.CreateFacebookTest -->
    </test> <!-- Default test -->
  </suite> <!-- Default suite -->
</testng-results>
